Cross-check: timeout=30s, output=cross_check_v2.csv, real_networks=yes, d_count=4, d_step=1
Cell plan (d_count=4, d_step=1):
  3_blocks_sausage_3x3_kao.txt s=0 t=28 dist=10 → d ∈ {10, 11, 12, 13}
  4_blocks_sausage_3x3_kao.txt s=0 t=38 dist=14 → d ∈ {14, 15, 16, 17}
  5_blocks_sausage_3x3_kao.txt s=0 t=48 dist=18 → d ∈ {18, 19, 20, 21}
  6_blocks_sausage_3x3_kao.txt s=0 t=58 dist=22 → d ∈ {22, 23, 24, 25}
  K4_kao.txt s=0 t=1 dist=1 → d ∈ {1, 2, 3}
  Geant2004_kao.txt s=11 t=95 dist=6 → d ∈ {6, 7, 8, 9}
  IEEE-118-node_kao.txt s=86 t=111 dist=9 → d ∈ {9, 10, 11, 12}
Total cells: 27
Cross-check: 27 (graph,d) cells × 6 methods = 162 runs (tiered timeouts m0=60 m1=30 m2=120 m3=300 m4=120 m5=300s)
[1/27] 3_blocks_sausage_3x3_kao.txt d=10 s=0 t=28
    m0: TIMEOUT (>60s)
    m1: R=0.509826181949 (3.783s)
    m2: R=0.509826181949 (0.200s)
    m3: R=0.509826181948 (0.619s)
    m4: R=0.509826181948 (0.000s)
    m5: R=0.509826181948 (0.000s)
    [1/27 cells, elapsed=01:05, avg=64.6s/cell, ETA=28:00]
[2/27] 3_blocks_sausage_3x3_kao.txt d=11 s=0 t=28
    m0: TIMEOUT (>60s)
    m1: R=0.819793714075 (6.618s)
    m2: R=0.819793714075 (0.516s)
    m3: R=0.819793714074 (0.673s)
    m4: R=0.819793714074 (0.011s)
    m5: R=0.819793714074 (0.393s)
    [2/27 cells, elapsed=02:13, avg=66.4s/cell, ETA=27:41]
[3/27] 3_blocks_sausage_3x3_kao.txt d=12 s=0 t=28
    m0: TIMEOUT (>60s)
    m1: R=0.934403607313 (9.748s)
    m2: R=0.934403607313 (0.852s)
    m3: R=0.934403607311 (0.665s)
    m4: R=0.934403607311 (0.817s)
    m5: R=0.934403607311 (0.575s)
    [3/27 cells, elapsed=03:26, avg=68.5s/cell, ETA=27:24]
[4/27] 3_blocks_sausage_3x3_kao.txt d=13 s=0 t=28
    m0: TIMEOUT (>60s)
    m1: R=0.959339550849 (13.495s)
    m2: R=0.959339550849 (1.367s)
    m3: R=0.959339550847 (0.723s)
    m4: R=0.959339550847 (102.534s)
    m5: R=0.959339550847 (0.484s)
    [4/27 cells, elapsed=06:24, avg=96.0s/cell, ETA=36:49]
[5/27] 4_blocks_sausage_3x3_kao.txt d=14 s=0 t=38
    m0: TIMEOUT (>60s)
    m1: R=0.489090483799 (26.627s)
    m2: R=0.489090483799 (0.498s)
    m3: R=0.489090483798 (1.645s)
    m4: R=0.489090483798 (0.001s)
    m5: R=0.489090483798 (0.000s)
    [5/27 cells, elapsed=07:53, avg=94.6s/cell, ETA=34:41]
[6/27] 4_blocks_sausage_3x3_kao.txt d=15 s=0 t=38
    m0: TIMEOUT (>60s)
    m1: TIMEOUT (>30s)
    m2: R=0.803143004292 (1.277s)
    m3: R=0.803143004289 (1.561s)
    m4: R=0.803143004289 (0.849s)
    m5: R=0.803143004289 (0.963s)
    [6/27 cells, elapsed=09:28, avg=94.6s/cell, ETA=33:07]
[7/27] 4_blocks_sausage_3x3_kao.txt d=16 s=0 t=38
    m0: TIMEOUT (>60s)
    m1: TIMEOUT (>30s)
    m2: R=0.924565335482 (2.191s)
    m3: R=0.924565335478 (1.637s)
    m4: TIMEOUT (>120s)
    m5: R=0.924565335478 (1.543s)
    [7/27 cells, elapsed=13:03, avg=111.9s/cell, ETA=37:17]
[8/27] 4_blocks_sausage_3x3_kao.txt d=17 s=0 t=38
    m0: TIMEOUT (>60s)
    m1: TIMEOUT (>30s)
    m2: R=0.953107508640 (3.598s)
    m3: R=0.953107508635 (2.037s)
    m4: TIMEOUT (>120s)
    m5: R=0.953107508635 (1.515s)
    [8/27 cells, elapsed=16:40, avg=125.0s/cell, ETA=39:36]
[9/27] 5_blocks_sausage_3x3_kao.txt d=18 s=0 t=48
    m0: TIMEOUT (>60s)
    m1: TIMEOUT (>30s)
    m2: R=0.469198149903 (0.882s)
    m3: R=0.469198149901 (3.060s)
    m4: R=0.469198149901 (0.020s)
    m5: R=0.469198149901 (0.000s)
    [9/27 cells, elapsed=18:14, avg=121.6s/cell, ETA=36:29]
[10/27] 5_blocks_sausage_3x3_kao.txt d=19 s=0 t=48
    m0: TIMEOUT (>60s)
    m1: TIMEOUT (>30s)
    m2: R=0.786490614464 (2.288s)
    m3: R=0.786490614460 (3.367s)
    m4: TIMEOUT (>120s)
    m5: R=0.786490614460 (2.139s)
    [10/27 cells, elapsed=21:52, avg=131.2s/cell, ETA=37:11]
[11/27] 5_blocks_sausage_3x3_kao.txt d=20 s=0 t=48
    m0: TIMEOUT (>60s)
    m1: TIMEOUT (>30s)
    m2: R=0.914528148199 (4.154s)
    m3: R=0.914528148193 (3.426s)
    m4: TIMEOUT (>120s)
    m5: R=0.914528148193 (3.159s)
    [11/27 cells, elapsed=25:33, avg=139.4s/cell, ETA=37:10]
[12/27] 5_blocks_sausage_3x3_kao.txt d=21 s=0 t=48
    m0: TIMEOUT (>60s)
    m1: TIMEOUT (>30s)
    m2: R=0.946761009191 (7.381s)
    m3: R=0.946761009184 (4.834s)
    m4: TIMEOUT (>120s)
    m5: R=0.946761009184 (3.201s)
    [12/27 cells, elapsed=29:19, avg=146.5s/cell, ETA=36:38]
[13/27] 6_blocks_sausage_3x3_kao.txt d=22 s=0 t=58
    m0: TIMEOUT (>60s)
    m1: TIMEOUT (>30s)
    m2: R=0.450114878872 (2.146s)
    m3: R=0.450114878870 (7.410s)
    m4: R=0.450114878870 (0.465s)
    m5: R=0.450114878870 (0.001s)
    [13/27 cells, elapsed=30:59, avg=143.0s/cell, ETA=33:22]
[14/27] 6_blocks_sausage_3x3_kao.txt d=23 s=0 t=58
    m0: TIMEOUT (>60s)
    m1: TIMEOUT (>30s)
    m2: R=0.769864225179 (5.201s)
    m3: R=0.769864225173 (7.397s)
    m4: TIMEOUT (>120s)
    m5: R=0.769864225173 (5.010s)
    [14/27 cells, elapsed=34:47, avg=149.1s/cell, ETA=32:18]
[15/27] 6_blocks_sausage_3x3_kao.txt d=24 s=0 t=58
    m0: TIMEOUT (>60s)
    m1: TIMEOUT (>30s)
    m2: R=0.904302273165 (10.295s)
    m3: R=0.904302273156 (8.947s)
    m4: TIMEOUT (>120s)
    m5: R=0.904302273156 (7.353s)
    [15/27 cells, elapsed=38:44, avg=154.9s/cell, ETA=30:59]
[16/27] 6_blocks_sausage_3x3_kao.txt d=25 s=0 t=58
    m0: TIMEOUT (>60s)
    m1: TIMEOUT (>30s)
    m2: R=0.940298293699 (14.097s)
    m3: R=0.940298293689 (8.467s)
    m4: TIMEOUT (>120s)
    m5: R=0.940298293689 (6.613s)
    [16/27 cells, elapsed=42:43, avg=160.2s/cell, ETA=29:22]
[17/27] K4_kao.txt d=1 s=0 t=1
    m0: R=0.900000000000 (0.000s)
    m1: R=0.900000000000 (0.000s)
    m2: R=0.900000000000 (0.000s)
    m3: R=0.900000000000 (0.000s)
    m4: R=0.900000000000 (0.000s)
    m5: R=0.900000000000 (0.000s)
    [17/27 cells, elapsed=42:44, avg=150.8s/cell, ETA=25:08]
[18/27] K4_kao.txt d=2 s=0 t=1
    m0: R=0.996390000000 (0.000s)
    m1: R=0.996390000000 (0.000s)
    m2: R=0.996390000000 (0.000s)
    m3: R=0.996390000000 (0.000s)
    m4: R=0.996390000000 (0.000s)
    m5: R=0.996390000000 (0.000s)
    [18/27 cells, elapsed=42:45, avg=142.5s/cell, ETA=21:22]
[19/27] K4_kao.txt d=3 s=0 t=1
    m0: R=0.997848000000 (0.000s)
    m1: R=0.997848000000 (0.000s)
    m2: R=0.997848000000 (0.000s)
    m3: R=0.997848000000 (0.000s)
    m4: R=0.997848000000 (0.000s)
    m5: R=0.997848000000 (0.000s)
    [19/27 cells, elapsed=42:45, avg=135.0s/cell, ETA=18:00]
[20/27] Geant2004_kao.txt d=6 s=11 t=95
    m0: TIMEOUT (>60s)
    m1: TIMEOUT (>30s)
    m2: R=0.632414790008 (53.375s)
    m3: R=0.632414790000 (0.008s)
    m4: R=0.632414790000 (0.000s)
    m5: R=0.632414790000 (0.000s)
    [20/27 cells, elapsed=45:09, avg=135.5s/cell, ETA=15:48]
[21/27] Geant2004_kao.txt d=7 s=11 t=95
    m0: TIMEOUT (>60s)
    m1: TIMEOUT (>30s)
    m2: TIMEOUT (>120s)
    m3: R=0.699064984718 (0.012s)
    m4: R=0.699064984718 (0.000s)
    m5: R=0.699064984718 (0.001s)
    [21/27 cells, elapsed=48:40, avg=139.0s/cell, ETA=13:54]
[22/27] Geant2004_kao.txt d=8 s=11 t=95
    m0: TIMEOUT (>60s)
    m1: TIMEOUT (>30s)
    m2: TIMEOUT (>120s)
    m3: R=0.765180873969 (0.035s)
    m4: R=0.765180873969 (0.001s)
    m5: R=0.765180873969 (0.003s)
    [22/27 cells, elapsed=52:10, avg=142.3s/cell, ETA=11:51]
[23/27] Geant2004_kao.txt d=9 s=11 t=95
    m0: TIMEOUT (>60s)
    m1: TIMEOUT (>30s)
    m2: TIMEOUT (>120s)
    m3: R=0.776652881985 (1.156s)
    m4: R=0.776652881985 (0.003s)
    m5: R=0.776652881985 (0.004s)
    [23/27 cells, elapsed=55:42, avg=145.3s/cell, ETA=09:41]
[24/27] IEEE-118-node_kao.txt d=9 s=86 t=111
    m0: TIMEOUT (>60s)
    m1: TIMEOUT (>30s)
    m2: TIMEOUT (>120s)
    m3: R=0.387420489000 (40.663s)
    m4: R=0.387420489000 (0.000s)
    m5: R=0.387420489000 (0.000s)
    [24/27 cells, elapsed=59:54, avg=149.7s/cell, ETA=07:29]
[25/27] IEEE-118-node_kao.txt d=10 s=86 t=111
    m0: TIMEOUT (>60s)
    m1: TIMEOUT (>30s)
    m2: TIMEOUT (>120s)
    m3: R=0.422288333010 (263.297s)
    m4: R=0.422288333010 (0.000s)
    m5: R=0.422288333010 (0.000s)
    [25/27 cells, elapsed=67:48, avg=162.7s/cell, ETA=05:25]
[26/27] IEEE-118-node_kao.txt d=11 s=86 t=111
    m0: TIMEOUT (>60s)
    m1: TIMEOUT (>30s)
    m2: TIMEOUT (>120s)
    m3: TIMEOUT (>300s)
    m4: R=0.594261307357 (0.001s)
    m5: R=0.594261307357 (0.001s)
    [26/27 cells, elapsed=76:19, avg=176.1s/cell, ETA=02:56]
[27/27] IEEE-118-node_kao.txt d=12 s=86 t=111
    m0: TIMEOUT (>60s)
    m1: TIMEOUT (>30s)
    m2: TIMEOUT (>120s)
    m3: TIMEOUT (>300s)
    m4: R=0.660259359327 (0.013s)
    m5: R=0.660259359327 (0.013s)
    [27/27 cells, elapsed=84:50, avg=188.5s/cell, ETA=00:00]

Summary: total=162 OK=102 TIMEOUT=60 ERROR=0
No discrepancies > 0.0.
Cross-check results written to cross_check_v2.csv
All methods agree within tolerance.
