Cross-check: timeout=30s, output=cross_check_results.csv, real_networks=yes
Cross-check: 25 (graph,d) cells × 6 methods = 150 runs (tiered timeouts m0=60 m1=30 m2=120 m3=300 m4=120 m5=300s)
[1/25] 3_blocks_sausage_3x3_kao.txt d=9 s=0 t=28
    m0: R=0.000000000000 (0.000s)
    m1: R=0.000000000000 (1.963s)
    m2: R=0.000000000000 (0.000s)
    m3: R=0.000000000000 (0.524s)
    m4: R=0.000000000000 (0.000s)
    m5: R=0.000000000000 (0.000s)
    [1/25 cells, elapsed=00:03, avg=2.5s/cell, ETA=01:00]
[2/25] 3_blocks_sausage_3x3_kao.txt d=10 s=0 t=28
    m0: TIMEOUT (>60s)
    m1: R=0.509826181949 (4.589s)
    m2: R=0.509826181949 (0.209s)
    m3: R=0.509826181948 (0.731s)
    m4: R=0.509826181948 (0.000s)
    m5: R=0.509826181948 (0.000s)
    [2/25 cells, elapsed=01:08, avg=34.0s/cell, ETA=13:03]
[3/25] 3_blocks_sausage_3x3_kao.txt d=11 s=0 t=28
    m0: TIMEOUT (>60s)
    m1: R=0.819793714075 (6.718s)
    m2: R=0.819793714075 (0.557s)
    m3: R=0.819793714074 (0.697s)
    m4: R=0.819793714074 (0.011s)
    m5: R=0.819793714074 (0.377s)
    [3/25 cells, elapsed=02:16, avg=45.5s/cell, ETA=16:40]
[4/25] 3_blocks_sausage_3x3_kao.txt d=12 s=0 t=28
    m0: TIMEOUT (>60s)
    m1: R=0.934403607313 (8.897s)
    m2: R=0.934403607313 (0.876s)
    m3: R=0.934403607311 (0.738s)
    m4: R=0.934403607311 (0.856s)
    m5: R=0.934403607311 (0.584s)
    [4/25 cells, elapsed=03:28, avg=52.1s/cell, ETA=18:14]
[5/25] 4_blocks_sausage_3x3_kao.txt d=13 s=0 t=38
    m0: R=0.000000000000 (0.000s)
    m1: R=0.000000000000 (14.582s)
    m2: R=0.000000000000 (0.000s)
    m3: R=0.000000000000 (1.494s)
    m4: R=0.000000000000 (0.001s)
    m5: R=0.000000000000 (0.000s)
    [5/25 cells, elapsed=03:44, avg=44.9s/cell, ETA=14:58]
[6/25] 4_blocks_sausage_3x3_kao.txt d=14 s=0 t=38
    m0: TIMEOUT (>60s)
    m1: R=0.489090483799 (25.572s)
    m2: R=0.489090483799 (0.420s)
    m3: R=0.489090483798 (1.415s)
    m4: R=0.489090483798 (0.001s)
    m5: R=0.489090483798 (0.000s)
    [6/25 cells, elapsed=05:12, avg=52.0s/cell, ETA=16:28]
[7/25] 4_blocks_sausage_3x3_kao.txt d=15 s=0 t=38
    m0: TIMEOUT (>60s)
    m1: TIMEOUT (>30s)
    m2: R=0.803143004292 (1.540s)
    m3: R=0.803143004289 (2.006s)
    m4: R=0.803143004289 (1.104s)
    m5: R=0.803143004289 (1.238s)
    [7/25 cells, elapsed=06:48, avg=58.3s/cell, ETA=17:29]
[8/25] 4_blocks_sausage_3x3_kao.txt d=16 s=0 t=38
    m0: TIMEOUT (>60s)
    m1: TIMEOUT (>30s)
    m2: R=0.924565335482 (2.405s)
    m3: R=0.924565335478 (1.929s)
    m4: TIMEOUT (>120s)
    m5: R=0.924565335478 (1.609s)
    [8/25 cells, elapsed=10:24, avg=78.0s/cell, ETA=22:06]
[9/25] 5_blocks_sausage_3x3_kao.txt d=17 s=0 t=48
    m0: R=0.000000000000 (0.000s)
    m1: TIMEOUT (>30s)
    m2: R=0.000000000000 (0.000s)
    m3: R=0.000000000000 (2.553s)
    m4: R=0.000000000000 (0.006s)
    m5: R=0.000000000000 (0.000s)
    [9/25 cells, elapsed=10:56, avg=72.9s/cell, ETA=19:27]
[10/25] 5_blocks_sausage_3x3_kao.txt d=18 s=0 t=48
    m0: TIMEOUT (>60s)
    m1: TIMEOUT (>30s)
    m2: R=0.469198149903 (0.805s)
    m3: R=0.469198149901 (2.676s)
    m4: R=0.469198149901 (0.016s)
    m5: R=0.469198149901 (0.000s)
    [10/25 cells, elapsed=12:30, avg=75.0s/cell, ETA=18:45]
[11/25] 5_blocks_sausage_3x3_kao.txt d=19 s=0 t=48
    m0: TIMEOUT (>60s)
    m1: TIMEOUT (>30s)
    m2: R=0.786490614464 (2.307s)
    m3: R=0.786490614460 (3.001s)
    m4: R=0.786490614460 (100.978s)
    m5: R=0.786490614460 (1.667s)
    [11/25 cells, elapsed=15:48, avg=86.2s/cell, ETA=20:06]
[12/25] 5_blocks_sausage_3x3_kao.txt d=20 s=0 t=48
    m0: TIMEOUT (>60s)
    m1: TIMEOUT (>30s)
    m2: R=0.914528148199 (3.838s)
    m3: R=0.914528148193 (2.889s)
    m4: TIMEOUT (>120s)
    m5: R=0.914528148193 (2.751s)
    [12/25 cells, elapsed=19:27, avg=97.3s/cell, ETA=21:05]
[13/25] 6_blocks_sausage_3x3_kao.txt d=21 s=0 t=58
    m0: R=0.000000000000 (0.000s)
    m1: TIMEOUT (>30s)
    m2: R=0.000000000000 (0.000s)
    m3: R=0.000000000000 (4.235s)
    m4: R=0.000000000000 (0.145s)
    m5: R=0.000000000000 (0.000s)
    [13/25 cells, elapsed=20:02, avg=92.4s/cell, ETA=18:29]
[14/25] 6_blocks_sausage_3x3_kao.txt d=22 s=0 t=58
    m0: TIMEOUT (>60s)
    m1: TIMEOUT (>30s)
    m2: R=0.450114878872 (1.488s)
    m3: R=0.450114878870 (4.781s)
    m4: R=0.450114878870 (0.387s)
    m5: R=0.450114878870 (0.001s)
    [14/25 cells, elapsed=21:39, avg=92.8s/cell, ETA=17:00]
[15/25] 6_blocks_sausage_3x3_kao.txt d=23 s=0 t=58
    m0: TIMEOUT (>60s)
    m1: TIMEOUT (>30s)
    m2: R=0.769864225179 (4.157s)
    m3: R=0.769864225173 (4.879s)
    m4: TIMEOUT (>120s)
    m5: R=0.769864225173 (2.985s)
    [15/25 cells, elapsed=25:21, avg=101.4s/cell, ETA=16:54]
[16/25] 6_blocks_sausage_3x3_kao.txt d=24 s=0 t=58
    m0: TIMEOUT (>60s)
    m1: TIMEOUT (>30s)
    m2: R=0.904302273165 (8.576s)
    m3: R=0.904302273156 (7.301s)
    m4: TIMEOUT (>120s)
    m5: R=0.904302273156 (5.438s)
    [16/25 cells, elapsed=29:12, avg=109.5s/cell, ETA=16:26]
[17/25] K4_kao.txt d=2 s=0 t=1
    m0: R=0.996390000000 (0.000s)
    m1: R=0.996390000000 (0.000s)
    m2: R=0.996390000000 (0.000s)
    m3: R=0.996390000000 (0.000s)
    m4: R=0.996390000000 (0.000s)
    m5: R=0.996390000000 (0.000s)
    [17/25 cells, elapsed=29:13, avg=103.1s/cell, ETA=13:45]
[18/25] K4_kao.txt d=3 s=0 t=1
    m0: R=0.997848000000 (0.000s)
    m1: R=0.997848000000 (0.000s)
    m2: R=0.997848000000 (0.000s)
    m3: R=0.997848000000 (0.000s)
    m4: R=0.997848000000 (0.000s)
    m5: R=0.997848000000 (0.000s)
    [18/25 cells, elapsed=29:13, avg=97.4s/cell, ETA=11:22]
[19/25] K4_kao.txt d=4 s=0 t=1
    m0: R=0.997848000000 (0.000s)
    m1: R=0.997848000000 (0.000s)
    m2: R=0.997848000000 (0.000s)
    m3: R=0.997848000000 (0.000s)
    m4: R=0.997848000000 (0.000s)
    m5: R=0.997848000000 (0.002s)
    [19/25 cells, elapsed=29:13, avg=92.3s/cell, ETA=09:14]
[20/25] Geant2004_kao.txt d=4 s=11 t=95
    m0: R=0.000000000000 (0.000s)
    m1: R=0.000000000000 (0.048s)
    m2: R=0.000000000000 (0.000s)
    m3: R=0.000000000000 (0.039s)
    m4: R=0.000000000000 (0.000s)
    m5: R=0.000000000000 (0.000s)
    [20/25 cells, elapsed=29:14, avg=87.7s/cell, ETA=07:18]
[21/25] Geant2004_kao.txt d=5 s=11 t=95
    m0: R=0.000000000000 (0.000s)
    m1: TIMEOUT (>30s)
    m2: R=0.000000000000 (0.000s)
    m3: R=0.000000000000 (0.035s)
    m4: R=0.000000000000 (0.000s)
    m5: R=0.000000000000 (0.000s)
    [21/25 cells, elapsed=29:44, avg=85.0s/cell, ETA=05:40]
[22/25] Geant2004_kao.txt d=6 s=11 t=95
    m0: TIMEOUT (>60s)
    m1: TIMEOUT (>30s)
    m2: R=0.632414790008 (38.000s)
    m3: R=0.632414790000 (0.010s)
    m4: R=0.632414790000 (0.000s)
    m5: R=0.632414790000 (0.000s)
    [22/25 cells, elapsed=31:53, avg=86.9s/cell, ETA=04:21]
[23/25] IEEE-118-node_kao.txt d=4 s=86 t=111
    m0: R=0.000000000000 (0.000s)
    m1: R=0.000000000000 (0.000s)
    m2: R=0.000000000000 (0.000s)
    m3: R=0.000000000000 (0.014s)
    m4: R=0.000000000000 (0.000s)
    m5: R=0.000000000000 (0.000s)
    [23/25 cells, elapsed=31:53, avg=83.2s/cell, ETA=02:46]
[24/25] IEEE-118-node_kao.txt d=6 s=86 t=111
    m0: R=0.000000000000 (0.000s)
    m1: TIMEOUT (>30s)
    m2: R=0.000000000000 (0.000s)
    m3: R=0.000000000000 (0.030s)
    m4: R=0.000000000000 (0.000s)
    m5: R=0.000000000000 (0.000s)
    [24/25 cells, elapsed=32:24, avg=81.0s/cell, ETA=01:21]
[25/25] IEEE-118-node_kao.txt d=8 s=86 t=111
    m0: R=0.000000000000 (0.000s)
    m1: TIMEOUT (>30s)
    m2: R=0.000000000000 (0.000s)
    m3: R=0.000000000000 (7.724s)
    m4: R=0.000000000000 (0.000s)
    m5: R=0.000000000000 (0.000s)
    [25/25 cells, elapsed=33:02, avg=79.3s/cell, ETA=00:00]

Summary: total=150 OK=119 TIMEOUT=31 ERROR=0
No discrepancies > 0.0.
Cross-check results written to cross_check_results.csv
All methods agree within tolerance.
